[2026-05-31 12:13:15.764] Velowin Log Initialized
[2026-05-31 12:13:15.764] Velowin: Starting 1:1 Hyprland-like WM...
[2026-05-31 12:13:15.850] DirectComposition Renderer Initialized.
[2026-05-31 12:13:15.850] --- Refreshing Monitor List ---
[2026-05-31 12:13:15.851] [Monitor] Primary: true, DPI: 120, WorkArea: (0, 0) to (1920, 1020)
[2026-05-31 12:13:15.851] --- Total Monitors Found: 1 ---
[2026-05-31 12:13:15.851] --- Refreshing Monitor List ---
[2026-05-31 12:13:15.852] [Monitor] Primary: true, DPI: 120, WorkArea: (0, 0) to (1920, 1020)
[2026-05-31 12:13:15.852] --- Total Monitors Found: 1 ---
[2026-05-31 12:13:15.853] Scanning existing windows...
[2026-05-31 12:13:15.857] [Found] PowerShell (CASCADIA_HOSTING_WINDOW_CLASS)
[2026-05-31 12:13:15.858] [Found] @"THE POINTY THING" - Discord (Chrome_WidgetWin_1)
[2026-05-31 12:13:15.858] [Found] Checking ..\fg-01.bin... (QSFV_MAIN)
[2026-05-31 12:13:15.859] [Found] qBittorrent v5.2.1 (Qt6103QWindowIcon)
[2026-05-31 12:13:15.859] [Found] Hyperwin — AnimatedVariable.rs (Zed::Window)
[2026-05-31 12:13:15.859] [Found] FitGirl-Repacks.Site Official Pastebin and 6 more pages - Personal - Microsoft​ Edge (Chrome_WidgetWin_1)
[2026-05-31 12:13:15.859] [Found] Forza Horizon 6 [FitGirl Repack] - File Explorer (CabinetWClass)
[2026-05-31 12:13:15.861] Hooks installed and persistence locked.
[2026-05-31 12:13:50.016] [Dispatch] togglefloating
[2026-05-31 12:13:50.016] [WM] Window 'qBittorrent v5.2.1' is now TILING
[2026-05-31 12:13:50.887] [Dispatch] togglefloating
[2026-05-31 12:13:50.887] [WM] Window 'qBittorrent v5.2.1' is now FLOATING
[2026-05-31 12:13:51.745] [Dispatch] togglefloating
[2026-05-31 12:13:51.745] [WM] Window 'qBittorrent v5.2.1' is now TILING
[2026-05-31 12:14:03.478] [Dispatch] togglefloating
[2026-05-31 12:14:03.478] [WM] Window 'PowerShell' is now TILING
[2026-05-31 12:14:14.855] [Dispatch] togglefloating
[2026-05-31 12:14:14.855] [WM] Window '@"THE POINTY THING" - Discord' is now TILING
[2026-05-31 12:14:25.455] [Dispatch] togglefloating
[2026-05-31 12:14:25.455] [WM] Window 'FitGirl-Repacks.Site Official Pastebin and 6 more pages - Personal - Microsoft​ Edge' is now TILING
[2026-05-31 12:14:32.396] [Dispatch] togglefloating
[2026-05-31 12:14:32.396] [WM] Window 'FitGirl-Repacks.Site Official Pastebin and 6 more pages - Personal - Microsoft​ Edge' is now FLOATING
[2026-05-31 12:14:33.177] [Dispatch] togglefloating
[2026-05-31 12:14:33.177] [WM] Window 'FitGirl-Repacks.Site Official Pastebin and 6 more pages - Personal - Microsoft​ Edge' is now TILING
[2026-05-31 12:14:34.158] [Dispatch] togglefloating
[2026-05-31 12:14:34.158] [WM] Could not toggle: Window handle HWND(0x301de) not found in active map
[2026-05-31 12:14:35.453] [Dispatch] togglefloating
[2026-05-31 12:14:35.453] [WM] Could not toggle: Window handle HWND(0x301de) not found in active map
[2026-05-31 12:14:38.778] [Dispatch] togglefloating
[2026-05-31 12:14:38.778] [WM] Window 'qBittorrent v5.2.1' is now FLOATING
[2026-05-31 12:15:05.322] Shutting down Velowin, restoring all windows...
[2026-05-31 12:15:05.449] Restoration complete.
